<?xml version="1.0" encoding="UTF-8"?>
<!-- Generated by org.testng.reporters.JUnitReportReporter -->
<testsuite skipped="0" hostname="DESKTOP-MFE9SCG" name="SampleMavenPackage.SampleMavenProject.Assertions" tests="1" failures="0" timestamp="29 May 2019 04:21:31 GMT" time="0.008" errors="0">
  <testcase name="softAssertion" time="0.008" classname="SampleMavenPackage.SampleMavenProject.Assertions"/>
</testsuite> <!-- SampleMavenPackage.SampleMavenProject.Assertions -->
