<?xml version="1.0" encoding="UTF-8"?>
<!-- Generated by org.testng.reporters.JUnitReportReporter -->
<testsuite skipped="0" hostname="DESKTOP-MFE9SCG" name="SampleMavenPackage.SampleMavenProject.Annotations" tests="3" failures="0" timestamp="29 May 2019 04:21:31 GMT" time="0.004" errors="0">
  <testcase name="blaunchApp" time="0.002" classname="SampleMavenPackage.SampleMavenProject.Annotations"/>
  <testcase name="alaunchBrowser" time="0.001" classname="SampleMavenPackage.SampleMavenProject.Annotations"/>
  <testcase name="launchApp" time="0.001" classname="SampleMavenPackage.SampleMavenProject.Annotations"/>
</testsuite> <!-- SampleMavenPackage.SampleMavenProject.Annotations -->
