<?xml version="1.0" encoding="UTF-8"?>
<!-- Generated by org.testng.reporters.JUnitReportReporter -->
<testsuite skipped="0" hostname="DESKTOP-MFE9SCG" name="SampleMavenPackage.SampleMavenProject.LoginTestCase" tests="1" failures="0" timestamp="29 May 2019 04:21:31 GMT" time="7.122" errors="0">
  <testcase name="BrowserLaunch" time="7.122" classname="SampleMavenPackage.SampleMavenProject.LoginTestCase"/>
</testsuite> <!-- SampleMavenPackage.SampleMavenProject.LoginTestCase -->
